Using pre-set license
Built from '2020.2/release' branch; Version is '2020.2.1f1 (270dd8c3da1c) revision 2559448'; Using compiler version '192528614'; Build Type 'Release'
OS: 'Windows 10  (10.0.0) 64bit' Language: 'en' Physical Memory: 16309 MB
BatchMode: 1, IsHumanControllingUs: 0, StartBugReporterOnCrash: 0, Is64bit: 1, IsPro: 0

 COMMAND LINE ARGUMENTS:
C:\Program Files\Unity\Hub\Editor\2020.2.1f1\Editor\Unity.exe
-adb2
-batchMode
-noUpm
-name
AssetImportWorker0
-projectPath
C:/Users/Ryzen/OneDrive/Documents/GitHub/DialogueSystem
-logFile
Logs/AssetImportWorker0.log
-srvPort
55235
Successfully changed project path to: C:/Users/Ryzen/OneDrive/Documents/GitHub/DialogueSystem
C:/Users/Ryzen/OneDrive/Documents/GitHub/DialogueSystem
Using Asset Import Pipeline V2.
Refreshing native plugins compatible for Editor in 44.53 ms, found 1 plugins.
Preloading 0 native plugins for Editor in 0.00 ms.
Initialize engine version: 2020.2.1f1 (270dd8c3da1c)
[Subsystems] Discovering subsystems at path C:/Program Files/Unity/Hub/Editor/2020.2.1f1/Editor/Data/Resources/UnitySubsystems
[Subsystems] Discovering subsystems at path C:/Users/Ryzen/OneDrive/Documents/GitHub/DialogueSystem/Assets
GfxDevice: creating device client; threaded=0
Direct3D:
    Version:  Direct3D 11.0 [level 11.1]
    Renderer: NVIDIA GeForce RTX 2060 (ID=0x1f08)
    Vendor:   
    VRAM:     5980 MB
    Driver:   31.0.15.1694
Initialize mono
Mono path[0] = 'C:/Program Files/Unity/Hub/Editor/2020.2.1f1/Editor/Data/Managed'
Mono path[1] = 'C:/Program Files/Unity/Hub/Editor/2020.2.1f1/Editor/Data/MonoBleedingEdge/lib/mono/unityjit'
Mono config path = 'C:/Program Files/Unity/Hub/Editor/2020.2.1f1/Editor/Data/MonoBleedingEdge/etc'
Using monoOptions --debugger-agent=transport=dt_socket,embedding=1,server=y,suspend=n,address=127.0.0.1:56120
Begin MonoManager ReloadAssembly
Registering precompiled unity dll's ...
Register platform support module: C:/Program Files/Unity/Hub/Editor/2020.2.1f1/Editor/Data/PlaybackEngines/WindowsStandaloneSupport/UnityEditor.WindowsStandalone.Extensions.dll
Registered in 0.002736 seconds.
Native extension for WindowsStandalone target not found
Refreshing native plugins compatible for Editor in 49.25 ms, found 1 plugins.
Preloading 0 native plugins for Editor in 0.00 ms.
Invoked RoslynAnalysisRunner static constructor.
RoslynAnalysisRunner will not be running.
RoslynAnalysisRunner has terminated.
Mono: successfully reloaded assembly
- Completed reload, in  1.342 seconds
Platform modules already initialized, skipping
Registering precompiled user dll's ...
Registered in 0.001777 seconds.
Begin MonoManager ReloadAssembly
Native extension for WindowsStandalone target not found
Refreshing native plugins compatible for Editor in 49.26 ms, found 1 plugins.
Preloading 0 native plugins for Editor in 0.00 ms.
Invoked RoslynAnalysisRunner static constructor.
RoslynAnalysisRunner will not be running.
RoslynAnalysisRunner has terminated.
Mono: successfully reloaded assembly
- Completed reload, in  0.976 seconds
Platform modules already initialized, skipping
========================================================================
Worker process is ready to serve import requests
Launched and connected shader compiler UnityShaderCompiler.exe after 0.08 seconds
Refreshing native plugins compatible for Editor in 0.64 ms, found 1 plugins.
Preloading 0 native plugins for Editor in 0.00 ms.
Unloading 1967 Unused Serialized files (Serialized files now loaded: 0)
System memory in use before: 90.8 MB.
System memory in use after: 90.9 MB.

Unloading 20 unused Assets to reduce memory usage. Loaded Objects now: 2411.
Total: 2.384300 ms (FindLiveObjects: 0.251300 ms CreateObjectMapping: 0.043500 ms MarkObjects: 2.018700 ms  DeleteObjects: 0.069200 ms)

========================================================================
Received Import Request.
  path: Assets/Scenes/DialogueZoo.unity
  artifactKey: Guid(2cda990e2423bbf4892e6590ba056729) Importer(815301076,1909f56bfc062723c751e8b465ee728b)
Start importing Assets/Scenes/DialogueZoo.unity using Guid(2cda990e2423bbf4892e6590ba056729) Importer(815301076,1909f56bfc062723c751e8b465ee728b)  -> (artifact id: '0652e5f97db5c9416d0680a6370cb92d') in 0.017604 seconds
  Import took 0.022717 seconds .

========================================================================
Received Import Request.
  Time since last request: 0.009133 seconds.
  path: Assets/Scenes/DialogueZoo.unity
  artifactKey: Guid(2cda990e2423bbf4892e6590ba056729) Importer(815301076,1909f56bfc062723c751e8b465ee728b)
Start importing Assets/Scenes/DialogueZoo.unity using Guid(2cda990e2423bbf4892e6590ba056729) Importer(815301076,1909f56bfc062723c751e8b465ee728b)  -> (artifact id: '0652e5f97db5c9416d0680a6370cb92d') in 0.006741 seconds
  Import took 0.011973 seconds .

========================================================================
Received Import Request.
  Time since last request: 29.682788 seconds.
  path: Assets/ScriptableObjects/Narration
  artifactKey: Guid(e946a99f397de5a49b728c8f33d9ab6a) Importer(815301076,1909f56bfc062723c751e8b465ee728b)
Start importing Assets/ScriptableObjects/Narration using Guid(e946a99f397de5a49b728c8f33d9ab6a) Importer(815301076,1909f56bfc062723c751e8b465ee728b)  -> (artifact id: 'b4e44fc1eae112392299c5b0af60acf3') in 0.004063 seconds
  Import took 0.007483 seconds .

========================================================================
Received Import Request.
  Time since last request: 1.389111 seconds.
  path: Assets/ScriptableObjects/Narration/Characters
  artifactKey: Guid(46c2a4c1cf33ed942a71b8505b682a33) Importer(815301076,1909f56bfc062723c751e8b465ee728b)
Start importing Assets/ScriptableObjects/Narration/Characters using Guid(46c2a4c1cf33ed942a71b8505b682a33) Importer(815301076,1909f56bfc062723c751e8b465ee728b)  -> (artifact id: '83a28a7a93762c1170aa512c06fec94e') in 0.004304 seconds
  Import took 0.007420 seconds .

========================================================================
Received Import Request.
  Time since last request: 0.042360 seconds.
  path: Assets/ScriptableObjects/Narration/Characters/NarrationCharacter_FluffyGameDev.asset
  artifactKey: Guid(9dd3082631238414f8db3e72be080f21) Importer(815301076,1909f56bfc062723c751e8b465ee728b)
Start importing Assets/ScriptableObjects/Narration/Characters/NarrationCharacter_FluffyGameDev.asset using Guid(9dd3082631238414f8db3e72be080f21) Importer(815301076,1909f56bfc062723c751e8b465ee728b)  -> (artifact id: '82270effa083ed0a9ee690bf5ea39700') in 0.030032 seconds
  Import took 0.033524 seconds .

========================================================================
Received Import Request.
  Time since last request: 0.000329 seconds.
  path: Assets/ScriptableObjects/Narration/Characters/NarrationCharacter_NPC1.asset
  artifactKey: Guid(f3e8b9ff5442d904a98d7a76ce18e83b) Importer(815301076,1909f56bfc062723c751e8b465ee728b)
Start importing Assets/ScriptableObjects/Narration/Characters/NarrationCharacter_NPC1.asset using Guid(f3e8b9ff5442d904a98d7a76ce18e83b) Importer(815301076,1909f56bfc062723c751e8b465ee728b)  -> (artifact id: '23bf605d08f0d0685367f7b44e186643') in 0.005024 seconds
  Import took 0.007930 seconds .

========================================================================
Received Prepare
Registering precompiled user dll's ...
Registered in 0.001720 seconds.
Begin MonoManager ReloadAssembly
Native extension for WindowsStandalone target not found
Refreshing native plugins compatible for Editor in 0.40 ms, found 1 plugins.
Preloading 0 native plugins for Editor in 0.00 ms.
Invoked RoslynAnalysisRunner static constructor.
RoslynAnalysisRunner will not be running.
RoslynAnalysisRunner has terminated.
Mono: successfully reloaded assembly
- Completed reload, in  0.887 seconds
Platform modules already initialized, skipping
Refreshing native plugins compatible for Editor in 0.47 ms, found 1 plugins.
Preloading 0 native plugins for Editor in 0.00 ms.
Unloading 1942 Unused Serialized files (Serialized files now loaded: 0)
System memory in use before: 89.5 MB.
System memory in use after: 89.6 MB.

Unloading 8 unused Assets to reduce memory usage. Loaded Objects now: 2414.
Total: 2.253500 ms (FindLiveObjects: 0.267700 ms CreateObjectMapping: 0.051100 ms MarkObjects: 1.908100 ms  DeleteObjects: 0.024700 ms)

========================================================================
Received Import Request.
  Time since last request: 451.222926 seconds.
  path: Assets/Scripts/3C/Interaction
  artifactKey: Guid(fb726051f35c69a4c85fb9b2c84e7721) Importer(815301076,1909f56bfc062723c751e8b465ee728b)
Start importing Assets/Scripts/3C/Interaction using Guid(fb726051f35c69a4c85fb9b2c84e7721) Importer(815301076,1909f56bfc062723c751e8b465ee728b)  -> (artifact id: '10d0ac094e990df4fbe2884393c7c4f6') in 0.008630 seconds
  Import took 0.012347 seconds .

========================================================================
Received Import Request.
  Time since last request: 1.193699 seconds.
  path: Assets/Scripts/3C/Interaction/Interactable.cs
  artifactKey: Guid(5d2c6473a185a744fbada757c0d2bb3b) Importer(815301076,1909f56bfc062723c751e8b465ee728b)
Start importing Assets/Scripts/3C/Interaction/Interactable.cs using Guid(5d2c6473a185a744fbada757c0d2bb3b) Importer(815301076,1909f56bfc062723c751e8b465ee728b)  -> (artifact id: '872e1d7927b999d3f8071ebd47ccd437') in 0.013614 seconds
  Import took 0.017401 seconds .

========================================================================
Received Import Request.
  Time since last request: 3.187975 seconds.
  path: Assets/Scripts/3C/Interaction/InteractionInstigator.cs
  artifactKey: Guid(7ae9d9fc03417e847aa62f94bb608722) Importer(815301076,1909f56bfc062723c751e8b465ee728b)
Start importing Assets/Scripts/3C/Interaction/InteractionInstigator.cs using Guid(7ae9d9fc03417e847aa62f94bb608722) Importer(815301076,1909f56bfc062723c751e8b465ee728b)  -> (artifact id: 'e2452e13fb8a2acc6f01cfade0b65d9f') in 0.004126 seconds
  Import took 0.007866 seconds .

========================================================================
Received Import Request.
  Time since last request: 24.796472 seconds.
  path: Assets/Scripts/Flow/FlowChannel.cs
  artifactKey: Guid(9055caee3469e734784b46f2c7a304da) Importer(815301076,1909f56bfc062723c751e8b465ee728b)
Start importing Assets/Scripts/Flow/FlowChannel.cs using Guid(9055caee3469e734784b46f2c7a304da) Importer(815301076,1909f56bfc062723c751e8b465ee728b)  -> (artifact id: '2efdaedb01e50fb7e630d56f8dcd0be3') in 0.004466 seconds
  Import took 0.008897 seconds .

========================================================================
Received Import Request.
  Time since last request: 84.859006 seconds.
  path: Assets/Scripts/Flow/FlowListener.cs
  artifactKey: Guid(bb6055e082740f94ca0ccc442cf2e1e9) Importer(815301076,1909f56bfc062723c751e8b465ee728b)
Start importing Assets/Scripts/Flow/FlowListener.cs using Guid(bb6055e082740f94ca0ccc442cf2e1e9) Importer(815301076,1909f56bfc062723c751e8b465ee728b)  -> (artifact id: 'd253b258b4d9e2f8127167e072210dfd') in 0.005454 seconds
  Import took 0.009211 seconds .

========================================================================
Received Import Request.
  Time since last request: 0.001348 seconds.
  path: Assets/Scripts/Flow/FlowListener.cs
  artifactKey: Guid(bb6055e082740f94ca0ccc442cf2e1e9) Importer(815301076,1909f56bfc062723c751e8b465ee728b)
Start importing Assets/Scripts/Flow/FlowListener.cs using Guid(bb6055e082740f94ca0ccc442cf2e1e9) Importer(815301076,1909f56bfc062723c751e8b465ee728b)  -> (artifact id: 'd253b258b4d9e2f8127167e072210dfd') in 0.003631 seconds
  Import took 0.007806 seconds .

========================================================================
Received Import Request.
  Time since last request: 2.186875 seconds.
  path: Assets/Scripts/Flow/FlowState.cs
  artifactKey: Guid(a48a47842a781df47829fffaafd291b1) Importer(815301076,1909f56bfc062723c751e8b465ee728b)
Start importing Assets/Scripts/Flow/FlowState.cs using Guid(a48a47842a781df47829fffaafd291b1) Importer(815301076,1909f56bfc062723c751e8b465ee728b)  -> (artifact id: '17188dbef7ec743036840326c2364aee') in 0.005163 seconds
  Import took 0.009460 seconds .

========================================================================
Received Import Request.
  Time since last request: 0.677231 seconds.
  path: Assets/Scripts/Flow/FlowStateMachine.cs
  artifactKey: Guid(ee93c21a294e0024d8ad344e5815fe9c) Importer(815301076,1909f56bfc062723c751e8b465ee728b)
Start importing Assets/Scripts/Flow/FlowStateMachine.cs using Guid(ee93c21a294e0024d8ad344e5815fe9c) Importer(815301076,1909f56bfc062723c751e8b465ee728b)  -> (artifact id: 'a17ab65b9ad9c7ddb888321d894403eb') in 0.004172 seconds
  Import took 0.007831 seconds .

========================================================================
Received Import Request.
  Time since last request: 0.001256 seconds.
  path: Assets/Scripts/Flow/FlowStateMachine.cs
  artifactKey: Guid(ee93c21a294e0024d8ad344e5815fe9c) Importer(815301076,1909f56bfc062723c751e8b465ee728b)
Start importing Assets/Scripts/Flow/FlowStateMachine.cs using Guid(ee93c21a294e0024d8ad344e5815fe9c) Importer(815301076,1909f56bfc062723c751e8b465ee728b)  -> (artifact id: 'a17ab65b9ad9c7ddb888321d894403eb') in 0.004305 seconds
  Import took 0.008171 seconds .

========================================================================
Received Import Request.
  Time since last request: 644.044480 seconds.
  path: Assets/Scripts/Narration/Dialogue/Data
  artifactKey: Guid(709ecad3a55fc3040a7c38551aaa8d03) Importer(815301076,1909f56bfc062723c751e8b465ee728b)
Start importing Assets/Scripts/Narration/Dialogue/Data using Guid(709ecad3a55fc3040a7c38551aaa8d03) Importer(815301076,1909f56bfc062723c751e8b465ee728b)  -> (artifact id: '1034d595a7f32f74143f64361a24174b') in 0.003763 seconds
  Import took 0.007058 seconds .

========================================================================
Received Import Request.
  Time since last request: 0.733816 seconds.
  path: Assets/Scripts/Narration/Dialogue/Data/Dialogue.cs
  artifactKey: Guid(d150190ca6408f1418b81dcb81e9f740) Importer(815301076,1909f56bfc062723c751e8b465ee728b)
Start importing Assets/Scripts/Narration/Dialogue/Data/Dialogue.cs using Guid(d150190ca6408f1418b81dcb81e9f740) Importer(815301076,1909f56bfc062723c751e8b465ee728b)  -> (artifact id: '06d98e4560674fd6bb5f73a052d15871') in 0.004039 seconds
  Import took 0.007117 seconds .

========================================================================
Received Import Request.
  Time since last request: 215.838883 seconds.
  path: Assets/TextMesh Pro/Sprites/EmojiOne.png
  artifactKey: Guid(dffef66376be4fa480fb02b19edbe903) Importer(815301076,1909f56bfc062723c751e8b465ee728b)
Start importing Assets/TextMesh Pro/Sprites/EmojiOne.png using Guid(dffef66376be4fa480fb02b19edbe903) Importer(815301076,1909f56bfc062723c751e8b465ee728b)  -> (artifact id: 'baf60bc095203ca91aa481e11639d572') in 0.083738 seconds
  Import took 0.087554 seconds .

========================================================================
Received Import Request.
  Time since last request: 33.663468 seconds.
  path: Assets/Sprites/mobIcon_slime_unusedHydroSlime.png
  artifactKey: Guid(3e481a66af68a914ea90e8c34575b0b7) Importer(815301076,1909f56bfc062723c751e8b465ee728b)
Start importing Assets/Sprites/mobIcon_slime_unusedHydroSlime.png using Guid(3e481a66af68a914ea90e8c34575b0b7) Importer(815301076,1909f56bfc062723c751e8b465ee728b)  -> (artifact id: '4a294f7e2b812531db98a37f2643114c') in 0.042549 seconds
  Import took 0.046007 seconds .

========================================================================
Received Import Request.
  Time since last request: 0.000283 seconds.
  path: Assets/Sprites/pony-tail-chibi-red-coat-shablon-vector-illustration-cute-character-isolated-white-background-boy-traveler-beret-159015354-removebg-preview.png
  artifactKey: Guid(308bb0f635eeda647a348ae4ca3a86d4) Importer(815301076,1909f56bfc062723c751e8b465ee728b)
Start importing Assets/Sprites/pony-tail-chibi-red-coat-shablon-vector-illustration-cute-character-isolated-white-background-boy-traveler-beret-159015354-removebg-preview.png using Guid(308bb0f635eeda647a348ae4ca3a86d4) Importer(815301076,1909f56bfc062723c751e8b465ee728b)  -> (artifact id: '2180649730355c8d3032a8c4ad345c37') in 0.017303 seconds
  Import took 0.020240 seconds .

========================================================================
Received Import Request.
  Time since last request: 0.002064 seconds.
  path: Assets/Sprites/pony-tail-chibi-red-coat-shablon-vector-illustration-cute-character-isolated-white-background-boy-traveler-beret-159015354-removebg-preview.png
  artifactKey: Guid(308bb0f635eeda647a348ae4ca3a86d4) Importer(815301076,1909f56bfc062723c751e8b465ee728b)
Start importing Assets/Sprites/pony-tail-chibi-red-coat-shablon-vector-illustration-cute-character-isolated-white-background-boy-traveler-beret-159015354-removebg-preview.png using Guid(308bb0f635eeda647a348ae4ca3a86d4) Importer(815301076,1909f56bfc062723c751e8b465ee728b)  -> (artifact id: '2180649730355c8d3032a8c4ad345c37') in 0.013570 seconds
  Import took 0.016612 seconds .

========================================================================
Received Prepare
Registering precompiled user dll's ...
Registered in 0.002304 seconds.
Begin MonoManager ReloadAssembly
Native extension for WindowsStandalone target not found
Refreshing native plugins compatible for Editor in 0.58 ms, found 1 plugins.
Preloading 0 native plugins for Editor in 0.00 ms.
Invoked RoslynAnalysisRunner static constructor.
RoslynAnalysisRunner will not be running.
RoslynAnalysisRunner has terminated.
Mono: successfully reloaded assembly
- Completed reload, in  0.840 seconds
Platform modules already initialized, skipping
Refreshing native plugins compatible for Editor in 0.40 ms, found 1 plugins.
Preloading 0 native plugins for Editor in 0.00 ms.
Unloading 1942 Unused Serialized files (Serialized files now loaded: 0)
System memory in use before: 92.7 MB.
System memory in use after: 92.8 MB.

Unloading 8 unused Assets to reduce memory usage. Loaded Objects now: 2425.
Total: 2.027200 ms (FindLiveObjects: 0.271800 ms CreateObjectMapping: 0.042000 ms MarkObjects: 1.693900 ms  DeleteObjects: 0.017500 ms)

========================================================================
Received Prepare
Registering precompiled user dll's ...
Registered in 0.001516 seconds.
Begin MonoManager ReloadAssembly
Native extension for WindowsStandalone target not found
Refreshing native plugins compatible for Editor in 0.40 ms, found 1 plugins.
Preloading 0 native plugins for Editor in 0.00 ms.
Invoked RoslynAnalysisRunner static constructor.
RoslynAnalysisRunner will not be running.
RoslynAnalysisRunner has terminated.
Mono: successfully reloaded assembly
- Completed reload, in  0.779 seconds
Platform modules already initialized, skipping
Refreshing native plugins compatible for Editor in 0.44 ms, found 1 plugins.
Preloading 0 native plugins for Editor in 0.00 ms.
Unloading 1942 Unused Serialized files (Serialized files now loaded: 0)
System memory in use before: 92.9 MB.
System memory in use after: 93.0 MB.

Unloading 8 unused Assets to reduce memory usage. Loaded Objects now: 2428.
Total: 2.298300 ms (FindLiveObjects: 0.320900 ms CreateObjectMapping: 0.068200 ms MarkObjects: 1.889000 ms  DeleteObjects: 0.018900 ms)

========================================================================
Received Import Request.
  Time since last request: 339.671303 seconds.
  path: Assets/Materials
  artifactKey: Guid(f2279636669c37743a9c0cc82b3df543) Importer(815301076,1909f56bfc062723c751e8b465ee728b)
Start importing Assets/Materials using Guid(f2279636669c37743a9c0cc82b3df543) Importer(815301076,1909f56bfc062723c751e8b465ee728b)  -> (artifact id: 'e4f024b46200e763cde767ac92bf0b1e') in 0.006790 seconds
  Import took 0.009923 seconds .

========================================================================
Received Import Request.
  Time since last request: 0.043819 seconds.
  path: Assets/Materials/NPC2.mat
  artifactKey: Guid(9a9a9526a98a06049873b9e385b966de) Importer(815301076,1909f56bfc062723c751e8b465ee728b)
Start importing Assets/Materials/NPC2.mat using Guid(9a9a9526a98a06049873b9e385b966de) Importer(815301076,1909f56bfc062723c751e8b465ee728b)  -> (artifact id: 'affdc0682455e5ce4969997af6106e41') in 0.081311 seconds
  Import took 0.084603 seconds .

========================================================================
Received Import Request.
  Time since last request: 0.000312 seconds.
  path: Assets/Materials/Player.mat
  artifactKey: Guid(ce93d45a59415b6479003bd3a36eb457) Importer(815301076,1909f56bfc062723c751e8b465ee728b)
Start importing Assets/Materials/Player.mat using Guid(ce93d45a59415b6479003bd3a36eb457) Importer(815301076,1909f56bfc062723c751e8b465ee728b)  -> (artifact id: 'eb03a434f8cf88e02840638fdbfd6a98') in 0.010926 seconds
  Import took 0.014541 seconds .

========================================================================
Received Prepare
Registering precompiled user dll's ...
Registered in 0.001564 seconds.
Begin MonoManager ReloadAssembly
Native extension for WindowsStandalone target not found
Refreshing native plugins compatible for Editor in 0.40 ms, found 1 plugins.
Preloading 0 native plugins for Editor in 0.00 ms.
Invoked RoslynAnalysisRunner static constructor.
RoslynAnalysisRunner will not be running.
RoslynAnalysisRunner has terminated.
Mono: successfully reloaded assembly
- Completed reload, in  0.847 seconds
Platform modules already initialized, skipping
Refreshing native plugins compatible for Editor in 0.69 ms, found 1 plugins.
Preloading 0 native plugins for Editor in 0.00 ms.
Unloading 1942 Unused Serialized files (Serialized files now loaded: 0)
System memory in use before: 93.7 MB.
System memory in use after: 93.8 MB.

Unloading 8 unused Assets to reduce memory usage. Loaded Objects now: 2470.
Total: 2.046700 ms (FindLiveObjects: 0.310900 ms CreateObjectMapping: 0.053200 ms MarkObjects: 1.666100 ms  DeleteObjects: 0.015200 ms)

========================================================================
Received Import Request.
  Time since last request: 821.309474 seconds.
  path: Assets/Materials/NPC1.mat
  artifactKey: Guid(a65dcbdb9a2c5de42b74583b0a65e612) Importer(815301076,1909f56bfc062723c751e8b465ee728b)
Start importing Assets/Materials/NPC1.mat using Guid(a65dcbdb9a2c5de42b74583b0a65e612) Importer(815301076,1909f56bfc062723c751e8b465ee728b)  -> (artifact id: 'b72de8b1e5598235a0a5cd36bc861fdd') in 0.050557 seconds
  Import took 0.053806 seconds .

AssetImportWorkerClient::OnTransportError - code=2 error=End of file
